  ConstantBuffer.cpp
d:\directx1\_practice\dx11\framework\buffers\constantbuffer.cpp(1): fatal error C1083: Cannot open include file: 'Framework.h': No such file or directory
  IndexBuffer.cpp
d:\directx1\_practice\dx11\framework\buffers\indexbuffer.cpp(1): fatal error C1083: Cannot open include file: 'Framework.h': No such file or directory
  VertexBuffer.cpp
d:\directx1\_practice\dx11\framework\buffers\vertexbuffer.cpp(1): fatal error C1083: Cannot open include file: 'Framework.h': No such file or directory
  Terrain.cpp
d:\directx1\_practice\dx11\framework\environment\terrain.cpp(1): fatal error C1083: Cannot open include file: 'Framework.h': No such file or directory
  Mesh.cpp
d:\directx1\_practice\dx11\framework\meshes\mesh.cpp(1): fatal error C1083: Cannot open include file: 'Framework.h': No such file or directory
  MeshCube.cpp
d:\directx1\_practice\dx11\framework\meshes\meshcube.cpp(1): fatal error C1083: Cannot open include file: 'Framework.h': No such file or directory
  MeshCylinder.cpp
d:\directx1\_practice\dx11\framework\meshes\meshcylinder.cpp(1): fatal error C1083: Cannot open include file: 'Framework.h': No such file or directory
  MeshGrid.cpp
d:\directx1\_practice\dx11\framework\meshes\meshgrid.cpp(1): fatal error C1083: Cannot open include file: 'Framework.h': No such file or directory
  MeshQuad.cpp
d:\directx1\_practice\dx11\framework\meshes\meshquad.cpp(1): fatal error C1083: Cannot open include file: 'Framework.h': No such file or directory
  MeshSphere.cpp
d:\directx1\_practice\dx11\framework\meshes\meshsphere.cpp(1): fatal error C1083: Cannot open include file: 'Framework.h': No such file or directory
  Model.cpp
d:\directx1\_practice\dx11\framework\model\model.cpp(1): fatal error C1083: Cannot open include file: 'Framework.h': No such file or directory
  ModelMesh.cpp
d:\directx1\_practice\dx11\framework\model\modelmesh.cpp(1): fatal error C1083: Cannot open include file: 'Framework.h': No such file or directory
  ModelRender.cpp
d:\directx1\_practice\dx11\framework\model\modelrender.cpp(1): fatal error C1083: Cannot open include file: 'Framework.h': No such file or directory
  Context.cpp
d:\directx1\_practice\dx11\framework\renders\context.cpp(1): fatal error C1083: Cannot open include file: 'Framework.h': No such file or directory
  Material.cpp
d:\directx1\_practice\dx11\framework\renders\material.cpp(1): fatal error C1083: Cannot open include file: 'Framework.h': No such file or directory
  PerFrame.cpp
d:\directx1\_practice\dx11\framework\renders\perframe.cpp(1): fatal error C1083: Cannot open include file: 'Framework.h': No such file or directory
  Renderer.cpp
d:\directx1\_practice\dx11\framework\renders\renderer.cpp(1): fatal error C1083: Cannot open include file: 'Framework.h': No such file or directory
  Shader.cpp
d:\directx1\_practice\dx11\framework\renders\shader.cpp(1): fatal error C1083: Cannot open include file: 'Framework.h': No such file or directory
  Texture.cpp
d:\directx1\_practice\dx11\framework\renders\texture.cpp(1): fatal error C1083: Cannot open include file: 'framework.h': No such file or directory
  Transform.cpp
d:\directx1\_practice\dx11\framework\renders\transform.cpp(1): fatal error C1083: Cannot open include file: 'Framework.h': No such file or directory
  Generating Code...
  Compiling...
  D3D.cpp
d:\directx1\_practice\dx11\framework\systems\d3d.cpp(1): fatal error C1083: Cannot open include file: 'framework.h': No such file or directory
  Gui.cpp
d:\directx1\_practice\dx11\framework\systems\gui.cpp(1): fatal error C1083: Cannot open include file: 'Framework.h': No such file or directory
  Keyboard.cpp
d:\directx1\_practice\dx11\framework\systems\keyboard.cpp(1): fatal error C1083: Cannot open include file: 'framework.h': No such file or directory
  Mouse.cpp
d:\directx1\_practice\dx11\framework\systems\mouse.cpp(1): fatal error C1083: Cannot open include file: 'framework.h': No such file or directory
  Time.cpp
d:\directx1\_practice\dx11\framework\systems\time.cpp(1): fatal error C1083: Cannot open include file: 'framework.h': No such file or directory
  Window.cpp
d:\directx1\_practice\dx11\framework\systems\window.cpp(1): fatal error C1083: Cannot open include file: 'Framework.h': No such file or directory
  BinaryFile.cpp
d:\directx1\_practice\dx11\framework\utilities\binaryfile.cpp(1): fatal error C1083: Cannot open include file: 'Framework.h': No such file or directory
  Math.cpp
d:\directx1\_practice\dx11\framework\utilities\math.cpp(1): fatal error C1083: Cannot open include file: 'Framework.h': No such file or directory
  Path.cpp
d:\directx1\_practice\dx11\framework\utilities\path.cpp(1): fatal error C1083: Cannot open include file: 'Framework.h': No such file or directory
  String.cpp
d:\directx1\_practice\dx11\framework\utilities\string.cpp(1): fatal error C1083: Cannot open include file: 'Framework.h': No such file or directory
  Camera.cpp
d:\directx1\_practice\dx11\framework\viewer\camera.cpp(1): fatal error C1083: Cannot open include file: 'Framework.h': No such file or directory
  FreeCam.cpp
d:\directx1\_practice\dx11\framework\viewer\freecam.cpp(1): fatal error C1083: Cannot open include file: 'Framework.h': No such file or directory
  Orthographic.cpp
d:\directx1\_practice\dx11\framework\viewer\orthographic.cpp(1): fatal error C1083: Cannot open include file: 'Framework.h': No such file or directory
  Perspective.cpp
d:\directx1\_practice\dx11\framework\viewer\perspective.cpp(1): fatal error C1083: Cannot open include file: 'Framework.h': No such file or directory
  Projection.cpp
d:\directx1\_practice\dx11\framework\viewer\projection.cpp(1): fatal error C1083: Cannot open include file: 'Framework.h': No such file or directory
  Viewport.cpp
d:\directx1\_practice\dx11\framework\viewer\viewport.cpp(1): fatal error C1083: Cannot open include file: 'Framework.h': No such file or directory
  Generating Code...
