d:\directx\_practice\dx11\debug_framework\terrain.obj
d:\directx\_practice\dx11\debug_framework\modelrender.obj
d:\directx\_practice\dx11\debug_framework\path.obj
d:\directx\_practice\dx11\debug_framework\mesh.obj
d:\directx\_practice\dx11\debug_framework\keyboard.obj
d:\directx\_practice\dx11\debug_framework\string.obj
d:\directx\_practice\dx11\debug_framework\meshcylinder.obj
d:\directx\_practice\dx11\debug_framework\gui.obj
d:\directx\_practice\dx11\debug_framework\orthographic.obj
d:\directx\_practice\dx11\debug_framework\model.obj
d:\directx\_practice\dx11\debug_framework\mouse.obj
d:\directx\_practice\dx11\debug_framework\camera.obj
d:\directx\_practice\dx11\debug_framework\meshgrid.obj
d:\directx\_practice\dx11\debug_framework\transform.obj
d:\directx\_practice\dx11\debug_framework\time.obj
d:\directx\_practice\dx11\debug_framework\meshsphere.obj
d:\directx\_practice\dx11\debug_framework\shader.obj
d:\directx\_practice\dx11\debug_framework\projection.obj
d:\directx\_practice\dx11\debug_framework\vertexbuffer.obj
d:\directx\_practice\dx11\debug_framework\renderer.obj
d:\directx\_practice\dx11\debug_framework\math.obj
d:\directx\_practice\dx11\debug_framework\meshquad.obj
d:\directx\_practice\dx11\debug_framework\texture.obj
d:\directx\_practice\dx11\debug_framework\perspective.obj
d:\directx\_practice\dx11\debug_framework\modelmesh.obj
d:\directx\_practice\dx11\debug_framework\perframe.obj
d:\directx\_practice\dx11\debug_framework\binaryfile.obj
d:\directx\_practice\dx11\debug_framework\meshcube.obj
d:\directx\_practice\dx11\debug_framework\d3d.obj
d:\directx\_practice\dx11\debug_framework\freecam.obj
d:\directx\_practice\dx11\debug_framework\constantbuffer.obj
d:\directx\_practice\dx11\debug_framework\material.obj
d:\directx\_practice\dx11\debug_framework\window.obj
d:\directx\_practice\dx11\debug_framework\indexbuffer.obj
d:\directx\_practice\dx11\debug_framework\context.obj
d:\directx\_practice\dx11\debug_framework\xml.obj
d:\directx\_practice\dx11\debug_framework\viewport.obj
d:\directx\_practice\dx11\debug_framework\framework.pdb
d:\directx\_practice\dx11\debug\framework.lib
d:\directx\_practice\dx11\debug_framework\framework.idb
d:\directx\_practice\dx11\debug\framework.pdb
d:\directx\_practice\dx11\debug_framework\framework.tlog\cl.11376.write.1.tlog
d:\directx\_practice\dx11\debug_framework\framework.tlog\cl.command.1.tlog
d:\directx\_practice\dx11\debug_framework\framework.tlog\cl.read.1.tlog
d:\directx\_practice\dx11\debug_framework\framework.tlog\lib-link.read.1.tlog
d:\directx\_practice\dx11\debug_framework\framework.tlog\lib-link.write.1.tlog
d:\directx\_practice\dx11\debug_framework\framework.tlog\lib.command.1.tlog
